<xsl:stylesheet xmlns:xsl="http://www.w3.org/1999/XSL/Transform" version="1.0">
  <xsl:output method="xml" indent="yes" />
  <xsl:template match="/">
    <xsl:apply-templates select="root/*" />
  </xsl:template>
  <xsl:template match="configuration">
    <xsl:choose>
      <xsl:when test="@type = 'JUnit'">
        <configuration type="JUnit Tests" factoryName="JUnit Tests">
          <xsl:attribute name="default">
            <xsl:value-of select="@default" />
          </xsl:attribute>
          <xsl:attribute name="name">
            <xsl:value-of select="@name" />
          </xsl:attribute>
          <MyState>
            <xsl:for-each select=".//option">
              <xsl:choose>
                <xsl:when test="@name = 'testCases'">
                  <option name="myTestCases">
                    <xsl:copy-of select="./list" />
                  </option>
                </xsl:when>
                <xsl:otherwise>
                  <xsl:choose>
                    <xsl:when test="@name = 'testMethods'">
                      <option name="myTestMethods">
                        <xsl:copy-of select="./list" />
                      </option>
                    </xsl:when>
                    <xsl:otherwise>
                      <xsl:choose>
                        <xsl:when test="@name = 'module'">
                          <option name="myModule">
                            <xsl:attribute name="value">
                              <xsl:value-of select="@value" />
                            </xsl:attribute>
                          </option>
                        </xsl:when>
                        <xsl:otherwise>
                          <xsl:choose>
                            <xsl:when test="@name = 'model'">
                              <option name="myModel">
                                <xsl:attribute name="value">
                                  <xsl:value-of select="@value" />
                                </xsl:attribute>
                              </option>
                            </xsl:when>
                            <xsl:otherwise>
                              <xsl:choose>
                                <xsl:when test="@name = 'type'">
                                  <option name="myRunType">
                                    <xsl:attribute name="value">
                                      <xsl:value-of select="@value" />
                                    </xsl:attribute>
                                  </option>
                                </xsl:when>
                              </xsl:choose>
                            </xsl:otherwise>
                          </xsl:choose>
                        </xsl:otherwise>
                      </xsl:choose>
                    </xsl:otherwise>
                  </xsl:choose>
                </xsl:otherwise>
              </xsl:choose>
            </xsl:for-each>
          </MyState>
          <myJavaRunParameters>
            <MyState>
              <option name="myJavaRunParameters">
                <JavaRunParameters>
                  <xsl:apply-templates select=".//ConfigRunParameters/option" />
                </JavaRunParameters>
              </option>
            </MyState>
          </myJavaRunParameters>
        </configuration>
      </xsl:when>
      <xsl:otherwise>
        <xsl:copy-of select="." />
      </xsl:otherwise>
    </xsl:choose>
  </xsl:template>
  <xsl:template match="option">
    <xsl:choose>
      <xsl:when test="@name = 'VMParameters'">
        <option name="vmOptions">
          <xsl:attribute name="value">
            <xsl:value-of select="@value" />
          </xsl:attribute>
        </option>
      </xsl:when>
      <xsl:otherwise>
        <xsl:choose>
          <xsl:when test="@name = 'alternativeJRE'">
            <option name="jrePath">
              <xsl:attribute name="value">
                <xsl:value-of select="@value" />
              </xsl:attribute>
            </option>
          </xsl:when>
          <xsl:otherwise>
            <xsl:choose>
              <xsl:when test="@name = 'useAlternativeJRE'">
                <option name="useAlternativeJre">
                  <xsl:attribute name="value">
                    <xsl:value-of select="@value" />
                  </xsl:attribute>
                </option>
              </xsl:when>
              <xsl:otherwise>
                <xsl:copy-of select="." />
              </xsl:otherwise>
            </xsl:choose>
          </xsl:otherwise>
        </xsl:choose>
      </xsl:otherwise>
    </xsl:choose>
  </xsl:template>
</xsl:stylesheet>
